<?xml version="1.0" encoding="UTF-8"?>
<!-- Generated by org.testng.reporters.JUnitXMLReporter -->
<testsuite hostname="DESKTOP-5V4NH1P" ignored="2" name="Home" tests="1" failures="0" timestamp="2020-05-16T00:15:59 EDT" time="0.002" errors="0">
  <testcase name="LoginAPI" time="0.001" classname="test.Test3"/>
  <testcase name="MobileLogin" time="0.0" classname="test.Test3">
    <ignored/>
  </testcase> <!-- MobileLogin -->
  <testcase name="MobileLogout" time="0.0" classname="test.Test3">
    <ignored/>
  </testcase> <!-- MobileLogout -->
</testsuite> <!-- Home -->
