<?xml version="1.0" encoding="UTF-8"?>
<!-- Generated by org.testng.reporters.JUnitXMLReporter -->
<testsuite hostname="DESKTOP-5V4NH1P" ignored="0" name="Test" tests="4" failures="0" timestamp="2020-05-16T00:15:59 EDT" time="0.043" errors="0">
  <testcase name="demo" time="0.006" classname="test.Basic_test"/>
  <testcase name="LoginAPI" time="0.001" classname="test.Test2"/>
  <testcase name="MobileLogin" time="0.001" classname="test.Test2"/>
  <testcase name="WebLogin" time="0.0" classname="test.Test2"/>
</testsuite> <!-- Test -->
