<?xml version="1.0" encoding="UTF-8"?>
<testsuite xmlns:xsi="http://www.w3.org/2001/XMLSchema-instance" xsi:noNamespaceSchemaLocation="https://maven.apache.org/surefire/maven-surefire-plugin/xsd/surefire-test-report-3.0.xsd" version="3.0" name="TestSuite" time="4.819" tests="10" errors="0" skipped="7" failures="3">
  <properties>
[...]
</properties>
  <testcase name="initialize" classname="e2eprogram.Asserts" time="2.218">
    <failure message="session not created: This version of ChromeDriver only supports Chrome version 81&#10;Build info: version: &apos;3.141.59&apos;, revision: &apos;e82be7d358&apos;, time: &apos;2018-11-14T08:17:03&apos;&#10;System info: host: &apos;DESKTOP-5V4NH1P&apos;, ip: &apos;192.168.0.25&apos;, os.name: &apos;Windows 10&apos;, os.arch: &apos;amd64&apos;, os.version: &apos;10.0&apos;, java.version: &apos;14.0.1&apos;&#10;Driver info: driver.version: ChromeDriver&#10;remote stacktrace: Backtrace:&#10;	Ordinal0 [0x002B5F73+2449267]&#10;	Ordinal0 [0x001E8361+1606497]&#10;	Ordinal0 [0x000DF969+522601]&#10;	Ordinal0 [0x000705F3+67059]&#10;	Ordinal0 [0x0006CD92+52626]&#10;	Ordinal0 [0x0008C127+180519]&#10;	Ordinal0 [0x0008BF2D+180013]&#10;	Ordinal0 [0x00089E5B+171611]&#10;	Ordinal0 [0x00071DD8+73176]&#10;	Ordinal0 [0x00072E50+77392]&#10;	Ordinal0 [0x00072DE9+77289]&#10;	Ordinal0 [0x001FD8D7+1693911]&#10;	GetHandleVerifier [0x00354036+522726]&#10;	GetHandleVerifier [0x00353D74+522020]&#10;	GetHandleVerifier [0x00369187+609079]&#10;	GetHandleVerifier [0x003548A6+524886]&#10;	Ordinal0 [0x001F5CBC+1662140]&#10;	Ordinal0 [0x001FF23B+1700411]&#10;	Ordinal0 [0x001FF3A3+1700771]&#10;	Ordinal0 [0x00215215+1790485]&#10;	BaseThreadInitThunk [0x75B46359+25]&#10;	RtlGetAppContainerNamedObjectPath [0x770B7C24+228]&#10;	RtlGetAppContainerNamedObjectPath [0x770B7BF4+180]&#10;	(No symbol) [0x00000000]&#10;" type="org.openqa.selenium.SessionNotCreatedException"><![CDATA[org.openqa.selenium.SessionNotCreatedException: 
session not created: This version of ChromeDriver only supports Chrome version 81
Build info: version: '3.141.59', revision: 'e82be7d358', time: '2018-11-14T08:17:03'
System info: host: 'DESKTOP-5V4NH1P', ip: '192.168.0.25', os.name: 'Windows 10', os.arch: 'amd64', os.version: '10.0', java.version: '14.0.1'
Driver info: driver.version: ChromeDriver
remote stacktrace: Backtrace:
	Ordinal0 [0x002B5F73+2449267]
	Ordinal0 [0x001E8361+1606497]
	Ordinal0 [0x000DF969+522601]
	Ordinal0 [0x000705F3+67059]
	Ordinal0 [0x0006CD92+52626]
	Ordinal0 [0x0008C127+180519]
	Ordinal0 [0x0008BF2D+180013]
	Ordinal0 [0x00089E5B+171611]
	Ordinal0 [0x00071DD8+73176]
	Ordinal0 [0x00072E50+77392]
	Ordinal0 [0x00072DE9+77289]
	Ordinal0 [0x001FD8D7+1693911]
	GetHandleVerifier [0x00354036+522726]
	GetHandleVerifier [0x00353D74+522020]
	GetHandleVerifier [0x00369187+609079]
	GetHandleVerifier [0x003548A6+524886]
	Ordinal0 [0x001F5CBC+1662140]
	Ordinal0 [0x001FF23B+1700411]
	Ordinal0 [0x001FF3A3+1700771]
	Ordinal0 [0x00215215+1790485]
	BaseThreadInitThunk [0x75B46359+25]
	RtlGetAppContainerNamedObjectPath [0x770B7C24+228]
	RtlGetAppContainerNamedObjectPath [0x770B7BF4+180]
	(No symbol) [0x00000000]

	at e2eprogram.Asserts.initialize(Asserts.java:24)
]]></failure>
    <system-err><![CDATA[Starting ChromeDriver 81.0.4044.69 (6813546031a4bc83f717a2ef7cd4ac6ec1199132-refs/branch-heads/4044@{#776}) on port 15696
Only local connections are allowed.
Please protect ports used by ChromeDriver and related test frameworks to prevent access by malicious code.
]]></system-err>
  </testcase>
  <testcase name="basePageNavigation" classname="e2eprogram.Asserts" time="0">
    <skipped message="session not created: This version of ChromeDriver only supports Chrome version 81&#10;Build info: version: &apos;3.141.59&apos;, revision: &apos;e82be7d358&apos;, time: &apos;2018-11-14T08:17:03&apos;&#10;System info: host: &apos;DESKTOP-5V4NH1P&apos;, ip: &apos;192.168.0.25&apos;, os.name: &apos;Windows 10&apos;, os.arch: &apos;amd64&apos;, os.version: &apos;10.0&apos;, java.version: &apos;14.0.1&apos;&#10;Driver info: driver.version: ChromeDriver&#10;remote stacktrace: Backtrace:&#10;	Ordinal0 [0x002B5F73+2449267]&#10;	Ordinal0 [0x001E8361+1606497]&#10;	Ordinal0 [0x000DF969+522601]&#10;	Ordinal0 [0x000705F3+67059]&#10;	Ordinal0 [0x0006CD92+52626]&#10;	Ordinal0 [0x0008C127+180519]&#10;	Ordinal0 [0x0008BF2D+180013]&#10;	Ordinal0 [0x00089E5B+171611]&#10;	Ordinal0 [0x00071DD8+73176]&#10;	Ordinal0 [0x00072E50+77392]&#10;	Ordinal0 [0x00072DE9+77289]&#10;	Ordinal0 [0x001FD8D7+1693911]&#10;	GetHandleVerifier [0x00354036+522726]&#10;	GetHandleVerifier [0x00353D74+522020]&#10;	GetHandleVerifier [0x00369187+609079]&#10;	GetHandleVerifier [0x003548A6+524886]&#10;	Ordinal0 [0x001F5CBC+1662140]&#10;	Ordinal0 [0x001FF23B+1700411]&#10;	Ordinal0 [0x001FF3A3+1700771]&#10;	Ordinal0 [0x00215215+1790485]&#10;	BaseThreadInitThunk [0x75B46359+25]&#10;	RtlGetAppContainerNamedObjectPath [0x770B7C24+228]&#10;	RtlGetAppContainerNamedObjectPath [0x770B7BF4+180]&#10;	(No symbol) [0x00000000]&#10;"/>
  </testcase>
  <testcase name="tearDown" classname="e2eprogram.Asserts" time="0">
    <skipped/>
  </testcase>
  <testcase name="initialize" classname="e2eprogram.HomePage" time="1.356">
    <failure message="session not created: This version of ChromeDriver only supports Chrome version 81&#10;Build info: version: &apos;3.141.59&apos;, revision: &apos;e82be7d358&apos;, time: &apos;2018-11-14T08:17:03&apos;&#10;System info: host: &apos;DESKTOP-5V4NH1P&apos;, ip: &apos;192.168.0.25&apos;, os.name: &apos;Windows 10&apos;, os.arch: &apos;amd64&apos;, os.version: &apos;10.0&apos;, java.version: &apos;14.0.1&apos;&#10;Driver info: driver.version: ChromeDriver&#10;remote stacktrace: Backtrace:&#10;	Ordinal0 [0x002B5F73+2449267]&#10;	Ordinal0 [0x001E8361+1606497]&#10;	Ordinal0 [0x000DF969+522601]&#10;	Ordinal0 [0x000705F3+67059]&#10;	Ordinal0 [0x0006CD92+52626]&#10;	Ordinal0 [0x0008C127+180519]&#10;	Ordinal0 [0x0008BF2D+180013]&#10;	Ordinal0 [0x00089E5B+171611]&#10;	Ordinal0 [0x00071DD8+73176]&#10;	Ordinal0 [0x00072E50+77392]&#10;	Ordinal0 [0x00072DE9+77289]&#10;	Ordinal0 [0x001FD8D7+1693911]&#10;	GetHandleVerifier [0x00354036+522726]&#10;	GetHandleVerifier [0x00353D74+522020]&#10;	GetHandleVerifier [0x00369187+609079]&#10;	GetHandleVerifier [0x003548A6+524886]&#10;	Ordinal0 [0x001F5CBC+1662140]&#10;	Ordinal0 [0x001FF23B+1700411]&#10;	Ordinal0 [0x001FF3A3+1700771]&#10;	Ordinal0 [0x00215215+1790485]&#10;	BaseThreadInitThunk [0x75B46359+25]&#10;	RtlGetAppContainerNamedObjectPath [0x770B7C24+228]&#10;	RtlGetAppContainerNamedObjectPath [0x770B7BF4+180]&#10;	(No symbol) [0x00000000]&#10;" type="org.openqa.selenium.SessionNotCreatedException"><![CDATA[org.openqa.selenium.SessionNotCreatedException: 
session not created: This version of ChromeDriver only supports Chrome version 81
Build info: version: '3.141.59', revision: 'e82be7d358', time: '2018-11-14T08:17:03'
System info: host: 'DESKTOP-5V4NH1P', ip: '192.168.0.25', os.name: 'Windows 10', os.arch: 'amd64', os.version: '10.0', java.version: '14.0.1'
Driver info: driver.version: ChromeDriver
remote stacktrace: Backtrace:
	Ordinal0 [0x002B5F73+2449267]
	Ordinal0 [0x001E8361+1606497]
	Ordinal0 [0x000DF969+522601]
	Ordinal0 [0x000705F3+67059]
	Ordinal0 [0x0006CD92+52626]
	Ordinal0 [0x0008C127+180519]
	Ordinal0 [0x0008BF2D+180013]
	Ordinal0 [0x00089E5B+171611]
	Ordinal0 [0x00071DD8+73176]
	Ordinal0 [0x00072E50+77392]
	Ordinal0 [0x00072DE9+77289]
	Ordinal0 [0x001FD8D7+1693911]
	GetHandleVerifier [0x00354036+522726]
	GetHandleVerifier [0x00353D74+522020]
	GetHandleVerifier [0x00369187+609079]
	GetHandleVerifier [0x003548A6+524886]
	Ordinal0 [0x001F5CBC+1662140]
	Ordinal0 [0x001FF23B+1700411]
	Ordinal0 [0x001FF3A3+1700771]
	Ordinal0 [0x00215215+1790485]
	BaseThreadInitThunk [0x75B46359+25]
	RtlGetAppContainerNamedObjectPath [0x770B7C24+228]
	RtlGetAppContainerNamedObjectPath [0x770B7BF4+180]
	(No symbol) [0x00000000]

	at e2eprogram.HomePage.initialize(HomePage.java:29)
]]></failure>
    <system-err><![CDATA[Starting ChromeDriver 81.0.4044.69 (6813546031a4bc83f717a2ef7cd4ac6ec1199132-refs/branch-heads/4044@{#776}) on port 14613
Only local connections are allowed.
Please protect ports used by ChromeDriver and related test frameworks to prevent access by malicious code.
]]></system-err>
  </testcase>
  <testcase name="basePageNavigation" classname="e2eprogram.HomePage" time="0">
    <skipped message="session not created: This version of ChromeDriver only supports Chrome version 81&#10;Build info: version: &apos;3.141.59&apos;, revision: &apos;e82be7d358&apos;, time: &apos;2018-11-14T08:17:03&apos;&#10;System info: host: &apos;DESKTOP-5V4NH1P&apos;, ip: &apos;192.168.0.25&apos;, os.name: &apos;Windows 10&apos;, os.arch: &apos;amd64&apos;, os.version: &apos;10.0&apos;, java.version: &apos;14.0.1&apos;&#10;Driver info: driver.version: ChromeDriver&#10;remote stacktrace: Backtrace:&#10;	Ordinal0 [0x002B5F73+2449267]&#10;	Ordinal0 [0x001E8361+1606497]&#10;	Ordinal0 [0x000DF969+522601]&#10;	Ordinal0 [0x000705F3+67059]&#10;	Ordinal0 [0x0006CD92+52626]&#10;	Ordinal0 [0x0008C127+180519]&#10;	Ordinal0 [0x0008BF2D+180013]&#10;	Ordinal0 [0x00089E5B+171611]&#10;	Ordinal0 [0x00071DD8+73176]&#10;	Ordinal0 [0x00072E50+77392]&#10;	Ordinal0 [0x00072DE9+77289]&#10;	Ordinal0 [0x001FD8D7+1693911]&#10;	GetHandleVerifier [0x00354036+522726]&#10;	GetHandleVerifier [0x00353D74+522020]&#10;	GetHandleVerifier [0x00369187+609079]&#10;	GetHandleVerifier [0x003548A6+524886]&#10;	Ordinal0 [0x001F5CBC+1662140]&#10;	Ordinal0 [0x001FF23B+1700411]&#10;	Ordinal0 [0x001FF3A3+1700771]&#10;	Ordinal0 [0x00215215+1790485]&#10;	BaseThreadInitThunk [0x75B46359+25]&#10;	RtlGetAppContainerNamedObjectPath [0x770B7C24+228]&#10;	RtlGetAppContainerNamedObjectPath [0x770B7BF4+180]&#10;	(No symbol) [0x00000000]&#10;"/>
  </testcase>
  <testcase name="basePageNavigation" classname="e2eprogram.HomePage" time="0">
    <skipped message="session not created: This version of ChromeDriver only supports Chrome version 81&#10;Build info: version: &apos;3.141.59&apos;, revision: &apos;e82be7d358&apos;, time: &apos;2018-11-14T08:17:03&apos;&#10;System info: host: &apos;DESKTOP-5V4NH1P&apos;, ip: &apos;192.168.0.25&apos;, os.name: &apos;Windows 10&apos;, os.arch: &apos;amd64&apos;, os.version: &apos;10.0&apos;, java.version: &apos;14.0.1&apos;&#10;Driver info: driver.version: ChromeDriver&#10;remote stacktrace: Backtrace:&#10;	Ordinal0 [0x002B5F73+2449267]&#10;	Ordinal0 [0x001E8361+1606497]&#10;	Ordinal0 [0x000DF969+522601]&#10;	Ordinal0 [0x000705F3+67059]&#10;	Ordinal0 [0x0006CD92+52626]&#10;	Ordinal0 [0x0008C127+180519]&#10;	Ordinal0 [0x0008BF2D+180013]&#10;	Ordinal0 [0x00089E5B+171611]&#10;	Ordinal0 [0x00071DD8+73176]&#10;	Ordinal0 [0x00072E50+77392]&#10;	Ordinal0 [0x00072DE9+77289]&#10;	Ordinal0 [0x001FD8D7+1693911]&#10;	GetHandleVerifier [0x00354036+522726]&#10;	GetHandleVerifier [0x00353D74+522020]&#10;	GetHandleVerifier [0x00369187+609079]&#10;	GetHandleVerifier [0x003548A6+524886]&#10;	Ordinal0 [0x001F5CBC+1662140]&#10;	Ordinal0 [0x001FF23B+1700411]&#10;	Ordinal0 [0x001FF3A3+1700771]&#10;	Ordinal0 [0x00215215+1790485]&#10;	BaseThreadInitThunk [0x75B46359+25]&#10;	RtlGetAppContainerNamedObjectPath [0x770B7C24+228]&#10;	RtlGetAppContainerNamedObjectPath [0x770B7BF4+180]&#10;	(No symbol) [0x00000000]&#10;"/>
  </testcase>
  <testcase name="tearDown" classname="e2eprogram.HomePage" time="0">
    <skipped/>
  </testcase>
  <testcase name="initialize" classname="e2eprogram.Validdata" time="1.096">
    <failure message="session not created: This version of ChromeDriver only supports Chrome version 81&#10;Build info: version: &apos;3.141.59&apos;, revision: &apos;e82be7d358&apos;, time: &apos;2018-11-14T08:17:03&apos;&#10;System info: host: &apos;DESKTOP-5V4NH1P&apos;, ip: &apos;192.168.0.25&apos;, os.name: &apos;Windows 10&apos;, os.arch: &apos;amd64&apos;, os.version: &apos;10.0&apos;, java.version: &apos;14.0.1&apos;&#10;Driver info: driver.version: ChromeDriver&#10;remote stacktrace: Backtrace:&#10;	Ordinal0 [0x002B5F73+2449267]&#10;	Ordinal0 [0x001E8361+1606497]&#10;	Ordinal0 [0x000DF969+522601]&#10;	Ordinal0 [0x000705F3+67059]&#10;	Ordinal0 [0x0006CD92+52626]&#10;	Ordinal0 [0x0008C127+180519]&#10;	Ordinal0 [0x0008BF2D+180013]&#10;	Ordinal0 [0x00089E5B+171611]&#10;	Ordinal0 [0x00071DD8+73176]&#10;	Ordinal0 [0x00072E50+77392]&#10;	Ordinal0 [0x00072DE9+77289]&#10;	Ordinal0 [0x001FD8D7+1693911]&#10;	GetHandleVerifier [0x00354036+522726]&#10;	GetHandleVerifier [0x00353D74+522020]&#10;	GetHandleVerifier [0x00369187+609079]&#10;	GetHandleVerifier [0x003548A6+524886]&#10;	Ordinal0 [0x001F5CBC+1662140]&#10;	Ordinal0 [0x001FF23B+1700411]&#10;	Ordinal0 [0x001FF3A3+1700771]&#10;	Ordinal0 [0x00215215+1790485]&#10;	BaseThreadInitThunk [0x75B46359+25]&#10;	RtlGetAppContainerNamedObjectPath [0x770B7C24+228]&#10;	RtlGetAppContainerNamedObjectPath [0x770B7BF4+180]&#10;	(No symbol) [0x00000000]&#10;" type="org.openqa.selenium.SessionNotCreatedException"><![CDATA[org.openqa.selenium.SessionNotCreatedException: 
session not created: This version of ChromeDriver only supports Chrome version 81
Build info: version: '3.141.59', revision: 'e82be7d358', time: '2018-11-14T08:17:03'
System info: host: 'DESKTOP-5V4NH1P', ip: '192.168.0.25', os.name: 'Windows 10', os.arch: 'amd64', os.version: '10.0', java.version: '14.0.1'
Driver info: driver.version: ChromeDriver
remote stacktrace: Backtrace:
	Ordinal0 [0x002B5F73+2449267]
	Ordinal0 [0x001E8361+1606497]
	Ordinal0 [0x000DF969+522601]
	Ordinal0 [0x000705F3+67059]
	Ordinal0 [0x0006CD92+52626]
	Ordinal0 [0x0008C127+180519]
	Ordinal0 [0x0008BF2D+180013]
	Ordinal0 [0x00089E5B+171611]
	Ordinal0 [0x00071DD8+73176]
	Ordinal0 [0x00072E50+77392]
	Ordinal0 [0x00072DE9+77289]
	Ordinal0 [0x001FD8D7+1693911]
	GetHandleVerifier [0x00354036+522726]
	GetHandleVerifier [0x00353D74+522020]
	GetHandleVerifier [0x00369187+609079]
	GetHandleVerifier [0x003548A6+524886]
	Ordinal0 [0x001F5CBC+1662140]
	Ordinal0 [0x001FF23B+1700411]
	Ordinal0 [0x001FF3A3+1700771]
	Ordinal0 [0x00215215+1790485]
	BaseThreadInitThunk [0x75B46359+25]
	RtlGetAppContainerNamedObjectPath [0x770B7C24+228]
	RtlGetAppContainerNamedObjectPath [0x770B7BF4+180]
	(No symbol) [0x00000000]

	at e2eprogram.Validdata.initialize(Validdata.java:23)
]]></failure>
    <system-err><![CDATA[Starting ChromeDriver 81.0.4044.69 (6813546031a4bc83f717a2ef7cd4ac6ec1199132-refs/branch-heads/4044@{#776}) on port 19733
Only local connections are allowed.
Please protect ports used by ChromeDriver and related test frameworks to prevent access by malicious code.
]]></system-err>
  </testcase>
  <testcase name="basePageNavigation" classname="e2eprogram.Validdata" time="0">
    <skipped message="session not created: This version of ChromeDriver only supports Chrome version 81&#10;Build info: version: &apos;3.141.59&apos;, revision: &apos;e82be7d358&apos;, time: &apos;2018-11-14T08:17:03&apos;&#10;System info: host: &apos;DESKTOP-5V4NH1P&apos;, ip: &apos;192.168.0.25&apos;, os.name: &apos;Windows 10&apos;, os.arch: &apos;amd64&apos;, os.version: &apos;10.0&apos;, java.version: &apos;14.0.1&apos;&#10;Driver info: driver.version: ChromeDriver&#10;remote stacktrace: Backtrace:&#10;	Ordinal0 [0x002B5F73+2449267]&#10;	Ordinal0 [0x001E8361+1606497]&#10;	Ordinal0 [0x000DF969+522601]&#10;	Ordinal0 [0x000705F3+67059]&#10;	Ordinal0 [0x0006CD92+52626]&#10;	Ordinal0 [0x0008C127+180519]&#10;	Ordinal0 [0x0008BF2D+180013]&#10;	Ordinal0 [0x00089E5B+171611]&#10;	Ordinal0 [0x00071DD8+73176]&#10;	Ordinal0 [0x00072E50+77392]&#10;	Ordinal0 [0x00072DE9+77289]&#10;	Ordinal0 [0x001FD8D7+1693911]&#10;	GetHandleVerifier [0x00354036+522726]&#10;	GetHandleVerifier [0x00353D74+522020]&#10;	GetHandleVerifier [0x00369187+609079]&#10;	GetHandleVerifier [0x003548A6+524886]&#10;	Ordinal0 [0x001F5CBC+1662140]&#10;	Ordinal0 [0x001FF23B+1700411]&#10;	Ordinal0 [0x001FF3A3+1700771]&#10;	Ordinal0 [0x00215215+1790485]&#10;	BaseThreadInitThunk [0x75B46359+25]&#10;	RtlGetAppContainerNamedObjectPath [0x770B7C24+228]&#10;	RtlGetAppContainerNamedObjectPath [0x770B7BF4+180]&#10;	(No symbol) [0x00000000]&#10;"/>
  </testcase>
  <testcase name="tearDown" classname="e2eprogram.Validdata" time="0">
    <skipped/>
  </testcase>
</testsuite>