<?xml version="1.0" encoding="UTF-8"?>
<!-- Generated by org.testng.reporters.JUnitXMLReporter -->
<testsuite ignored="1" hostname="DESKTOP-5V4NH1P" failures="0" tests="1" name="Default test" time="0.038" errors="0" timestamp="2020-05-17T18:30:46 EDT">
  <testcase classname="AnkitaMavenDemo.AnkitaMavenjava.SeleniumTest" name="webTest2" time="0.007"/>
  <testcase classname="AnkitaMavenDemo.AnkitaMavenjava.SeleniumTest" name="webTest1" time="0.0">
    <ignored/>
  </testcase> <!-- webTest1 -->
</testsuite> <!-- Default test -->
