<?xml version="1.0" encoding="UTF-8"?>
<!-- Generated by org.testng.reporters.JUnitXMLReporter -->
<testsuite ignored="0" hostname="DESKTOP-5V4NH1P" failures="0" tests="4" name="Command line test" time="0.024" errors="0" timestamp="18 May 2020 01:08:54 GMT">
  <testcase classname="Mavenproject.MavenJava.SeleniumTest" name="seleniumTest1" time="0.004"/>
  <testcase classname="Mavenproject.MavenJava.SeleniumTest" name="seleniumTest2" time="0.001"/>
  <testcase classname="Mavenproject.MavenJava.webTest" name="webTest1" time="0.001"/>
  <testcase classname="Mavenproject.MavenJava.webTest" name="webTest2" time="0.0"/>
</testsuite> <!-- Command line test -->
