<?xml version="1.0" encoding="UTF-8"?>
<testng-results ignored="0" total="1" passed="1" failed="0" skipped="0">
  <reporter-output>
  </reporter-output>
  <suite started-at="2020-05-18T16:48:51 EDT" name="Suite" finished-at="2020-05-18T16:49:01 EDT" duration-ms="9361">
    <groups>
    </groups>
    <test started-at="2020-05-18T16:48:51 EDT" name="Test" finished-at="2020-05-18T16:49:01 EDT" duration-ms="9361">
      <class name="AnkitaProject.ExtentReports.ExtentReport">
        <test-method is-config="true" signature="config()[pri:0, instance:AnkitaProject.ExtentReports.ExtentReport@229d10bd]" started-at="2020-05-18T16:48:51 EDT" name="config" finished-at="2020-05-18T16:48:52 EDT" duration-ms="132" status="PASS">
          <reporter-output>
          </reporter-output>
        </test-method> <!-- config -->
        <test-method signature="inintialDemo()[pri:0, instance:AnkitaProject.ExtentReports.ExtentReport@229d10bd]" started-at="2020-05-18T16:48:52 EDT" name="inintialDemo" finished-at="2020-05-18T16:49:01 EDT" duration-ms="9205" status="PASS">
          <reporter-output>
          </reporter-output>
        </test-method> <!-- inintialDemo -->
      </class> <!-- AnkitaProject.ExtentReports.ExtentReport -->
    </test> <!-- Test -->
  </suite> <!-- Suite -->
</testng-results>
