<?xml version="1.0" encoding="UTF-8"?>
<testng-results ignored="0" total="1" passed="1" failed="0" skipped="0">
  <reporter-output>
  </reporter-output>
  <suite started-at="2020-05-29T19:17:00 EDT" name="Default suite" finished-at="2020-05-29T19:17:16 EDT" duration-ms="16723">
    <groups>
      <group name="cucumber">
        <method signature="AbstractTestNGCucumberTests.feature(cucumber.api.testng.CucumberFeatureWrapper)[pri:0, instance:cucumber.testRunner@20d28811]" name="feature" class="cucumber.api.testng.AbstractTestNGCucumberTests"/>
      </group> <!-- cucumber -->
    </groups>
    <test started-at="2020-05-29T19:17:00 EDT" name="Default test" finished-at="2020-05-29T19:17:16 EDT" duration-ms="16723">
      <class name="cucumber.testRunner">
        <test-method is-config="true" signature="setUpClass()[pri:0, instance:cucumber.testRunner@20d28811]" started-at="2020-05-29T19:17:00 EDT" name="setUpClass" finished-at="2020-05-29T19:17:00 EDT" duration-ms="187" status="PASS">
          <reporter-output>
          </reporter-output>
        </test-method> <!-- setUpClass -->
        <test-method signature="feature(cucumber.api.testng.CucumberFeatureWrapper)[pri:0, instance:cucumber.testRunner@20d28811]" started-at="2020-05-29T19:17:00 EDT" name="feature" description="Runs Cucumber Feature" data-provider="features" finished-at="2020-05-29T19:17:16 EDT" duration-ms="16437" status="PASS">
          <params>
            <param index="0">
              <value>
                <![CDATA[Application Login]]>
              </value>
            </param>
          </params>
          <reporter-output>
          </reporter-output>
        </test-method> <!-- feature -->
        <test-method is-config="true" signature="tearDownClass()[pri:0, instance:cucumber.testRunner@20d28811]" started-at="2020-05-29T19:17:16 EDT" name="tearDownClass" finished-at="2020-05-29T19:17:16 EDT" duration-ms="3" status="PASS">
          <reporter-output>
          </reporter-output>
        </test-method> <!-- tearDownClass -->
      </class> <!-- cucumber.testRunner -->
    </test> <!-- Default test -->
  </suite> <!-- Default suite -->
</testng-results>
