<?xml version="1.0" encoding="UTF-8"?>
<!-- Generated by org.testng.reporters.JUnitXMLReporter -->
<testsuite ignored="0" hostname="DESKTOP-5V4NH1P" failures="1" tests="1" name="Test" time="10.999" errors="0" timestamp="2020-05-29T19:17:44 EDT">
  <testcase classname="e2eprogram.Asserts" name="basePageNavigation" time="0.033">
    <failure type="java.lang.AssertionError" message="expected [FEATURE COURSES] but found [FEATURED COURSES]">
      <![CDATA[java.lang.AssertionError: expected [FEATURE COURSES] but found [FEATURED COURSES]
at e2eprogram.Asserts.basePageNavigation(Asserts.java:35)
at java.base/java.util.ArrayList.forEach(ArrayList.java:1510)
... Removed 36 stack frames]]>
    </failure>
  </testcase> <!-- basePageNavigation -->
</testsuite> <!-- Test -->
