<?xml version="1.0" encoding="UTF-8"?>
<!-- Generated by org.testng.reporters.JUnitXMLReporter -->
<testsuite ignored="0" hostname="DESKTOP-5V4NH1P" failures="2" tests="2" name="homeTest" time="0.016" errors="0" timestamp="2020-05-29T16:22:49 EDT">
  <testcase classname="e2eprogram.HomePage" name="@AfterTest tearDown" time="0.0">
    <failure type="java.lang.NullPointerException">
      <![CDATA[java.lang.NullPointerException
at e2eprogram.HomePage.tearDown(HomePage.java:56)
... Removed 24 stack frames]]>
    </failure>
  </testcase> <!-- @AfterTest tearDown -->
  <testcase classname="e2eprogram.HomePage" name="basePageNavigation" time="0.0">
    <failure type="java.lang.NullPointerException">
      <![CDATA[java.lang.NullPointerException
at e2eprogram.HomePage.basePageNavigation(HomePage.java:36)
at java.base/java.util.ArrayList.forEach(ArrayList.java:1510)
... Removed 27 stack frames]]>
    </failure>
  </testcase> <!-- basePageNavigation -->
  <testcase classname="e2eprogram.HomePage" name="basePageNavigation" time="0.016">
    <failure type="java.lang.NullPointerException">
      <![CDATA[java.lang.NullPointerException
at resources.base.getScreenShot(base.java:76)
at e2eprogram.Listeners.onTestFailure(Listeners.java:56)
at java.base/java.util.ArrayList.forEach(ArrayList.java:1510)
... Removed 24 stack frames]]>
    </failure>
  </testcase> <!-- basePageNavigation -->
</testsuite> <!-- homeTest -->
