<?xml version="1.0" encoding="UTF-8"?>
<!-- Generated by org.testng.reporters.JUnitXMLReporter -->
<testsuite ignored="0" hostname="DESKTOP-5V4NH1P" failures="0" tests="1" name="Test" time="0.031" errors="0" timestamp="2020-05-29T16:22:48 EDT">
  <testcase classname="e2eprogram.Asserts" name="@BeforeTest initialize" time="0.0">
    <failure type="java.lang.NullPointerException">
      <![CDATA[java.lang.NullPointerException
at e2eprogram.Asserts.initialize(Asserts.java:27)
... Removed 24 stack frames]]>
    </failure>
  </testcase> <!-- @BeforeTest initialize -->
  <testcase classname="e2eprogram.Asserts" name="@AfterTest tearDown" time="-1.59078376895E9">
    <skipped/>
  </testcase> <!-- @AfterTest tearDown -->
  <testcase classname="e2eprogram.Asserts" name="basePageNavigation" time="0.0">
    <skipped/>
  </testcase> <!-- basePageNavigation -->
</testsuite> <!-- Test -->
